Using pre-set license
Built from '2020.2/release' branch; Version is '2020.2.1f1 (270dd8c3da1c) revision 2559448'; Using compiler version '192528614'; Build Type 'Release'
OS: 'Windows 10  (10.0.0) 64bit' Language: 'ko' Physical Memory: 16322 MB
BatchMode: 1, IsHumanControllingUs: 0, StartBugReporterOnCrash: 0, Is64bit: 1, IsPro: 0

 COMMAND LINE ARGUMENTS:
C:\Program Files\Unity\Editor\Unity.exe
-adb2
-batchMode
-noUpm
-name
AssetImportWorker0
-projectPath
C:/Users/JHS/My project (3)
-logFile
Logs/AssetImportWorker0.log
-srvPort
9878
Successfully changed project path to: C:/Users/JHS/My project (3)
C:/Users/JHS/My project (3)
Using Asset Import Pipeline V2.
Refreshing native plugins compatible for Editor in 34.10 ms, found 1 plugins.
Preloading 0 native plugins for Editor in 0.00 ms.
Initialize engine version: 2020.2.1f1 (270dd8c3da1c)
[Subsystems] Discovering subsystems at path C:/Program Files/Unity/Editor/Data/Resources/UnitySubsystems
[Subsystems] Discovering subsystems at path C:/Users/JHS/My project (3)/Assets
GfxDevice: creating device client; threaded=0
Direct3D:
    Version:  Direct3D 11.0 [level 11.1]
    Renderer: NVIDIA GeForce RTX 2070 SUPER (ID=0x1e84)
    Vendor:   
    VRAM:     8012 MB
    Driver:   31.0.15.1694
Initialize mono
Mono path[0] = 'C:/Program Files/Unity/Editor/Data/Managed'
Mono path[1] = 'C:/Program Files/Unity/Editor/Data/MonoBleedingEdge/lib/mono/unityjit'
Mono config path = 'C:/Program Files/Unity/Editor/Data/MonoBleedingEdge/etc'
Using monoOptions --debugger-agent=transport=dt_socket,embedding=1,server=y,suspend=n,address=127.0.0.1:56384
Begin MonoManager ReloadAssembly
Registering precompiled unity dll's ...
Register platform support module: C:/Program Files/Unity/Editor/Data/PlaybackEngines/WindowsStandaloneSupport/UnityEditor.WindowsStandalone.Extensions.dll
Registered in 0.003157 seconds.
Native extension for WindowsStandalone target not found
Refreshing native plugins compatible for Editor in 32.95 ms, found 1 plugins.
Preloading 0 native plugins for Editor in 0.00 ms.
Invoked RoslynAnalysisRunner static constructor.
RoslynAnalysisRunner will not be running.
RoslynAnalysisRunner has terminated.
Mono: successfully reloaded assembly
- Completed reload, in  1.149 seconds
Platform modules already initialized, skipping
Registering precompiled user dll's ...
Registered in 0.001412 seconds.
Begin MonoManager ReloadAssembly
Native extension for WindowsStandalone target not found
Refreshing native plugins compatible for Editor in 33.56 ms, found 1 plugins.
Preloading 0 native plugins for Editor in 0.00 ms.
Invoked RoslynAnalysisRunner static constructor.
RoslynAnalysisRunner will not be running.
RoslynAnalysisRunner has terminated.
Mono: successfully reloaded assembly
- Completed reload, in  0.946 seconds
Platform modules already initialized, skipping
========================================================================
Worker process is ready to serve import requests
Launched and connected shader compiler UnityShaderCompiler.exe after 0.06 seconds
Refreshing native plugins compatible for Editor in 0.59 ms, found 1 plugins.
Preloading 0 native plugins for Editor in 0.00 ms.
Unloading 1787 Unused Serialized files (Serialized files now loaded: 0)
System memory in use before: 83.5 MB.
System memory in use after: 83.5 MB.

Unloading 24 unused Assets to reduce memory usage. Loaded Objects now: 2226.
Total: 2.055500 ms (FindLiveObjects: 0.296700 ms CreateObjectMapping: 0.120600 ms MarkObjects: 1.524300 ms  DeleteObjects: 0.112600 ms)

========================================================================
Received Import Request.
  path: Assets/Sprites
  artifactKey: Guid(1eb382858ad52d24fb80e2302463b1bb) Importer(815301076,1909f56bfc062723c751e8b465ee728b)
Start importing Assets/Sprites using Guid(1eb382858ad52d24fb80e2302463b1bb) Importer(815301076,1909f56bfc062723c751e8b465ee728b)  -> (artifact id: 'e9f046727d1204b98f0a19a9ee9bd700') in 0.009557 seconds
  Import took 0.012615 seconds .

========================================================================
Received Import Request.
  Time since last request: 16.994812 seconds.
  path: Assets/Sprites/background.png
  artifactKey: Guid(e0fe624b473826a47870def92baab4d1) Importer(815301076,1909f56bfc062723c751e8b465ee728b)
Start importing Assets/Sprites/background.png using Guid(e0fe624b473826a47870def92baab4d1) Importer(815301076,1909f56bfc062723c751e8b465ee728b)  -> (artifact id: '97852a82f963540aece9e6b0036e79aa') in 0.173607 seconds
  Import took 0.176916 seconds .

========================================================================
Received Import Request.
  Time since last request: 0.000267 seconds.
  path: Assets/Sprites/character_2.png
  artifactKey: Guid(a440f7d34148c2e4fbf4a9fc5d595fc5) Importer(815301076,1909f56bfc062723c751e8b465ee728b)
Start importing Assets/Sprites/character_2.png using Guid(a440f7d34148c2e4fbf4a9fc5d595fc5) Importer(815301076,1909f56bfc062723c751e8b465ee728b)  -> (artifact id: 'f373381d9e22a40afc5c737601f1de35') in 0.021464 seconds
  Import took 0.024193 seconds .

========================================================================
Received Import Request.
  Time since last request: 0.000234 seconds.
  path: Assets/Sprites/character_10.png
  artifactKey: Guid(579f6351bd7ea3743815e8d2c1de2a10) Importer(815301076,1909f56bfc062723c751e8b465ee728b)
Start importing Assets/Sprites/character_10.png using Guid(579f6351bd7ea3743815e8d2c1de2a10) Importer(815301076,1909f56bfc062723c751e8b465ee728b)  -> (artifact id: 'd50f258862bad1b5c3f731dab5687f28') in 0.014875 seconds
  Import took 0.017711 seconds .

========================================================================
Received Import Request.
  Time since last request: 0.000192 seconds.
  path: Assets/Sprites/character_6.png
  artifactKey: Guid(738d3f2a7c4ba5b4199d125dbf721333) Importer(815301076,1909f56bfc062723c751e8b465ee728b)
Start importing Assets/Sprites/character_6.png using Guid(738d3f2a7c4ba5b4199d125dbf721333) Importer(815301076,1909f56bfc062723c751e8b465ee728b)  -> (artifact id: '14d499fa180ea70f6bbe42265405f7b0') in 0.014700 seconds
  Import took 0.017378 seconds .

========================================================================
Received Import Request.
  Time since last request: 0.000257 seconds.
  path: Assets/Sprites/character_9.png
  artifactKey: Guid(be5a14ccd0390de4cbdaaddade672629) Importer(815301076,1909f56bfc062723c751e8b465ee728b)
Start importing Assets/Sprites/character_9.png using Guid(be5a14ccd0390de4cbdaaddade672629) Importer(815301076,1909f56bfc062723c751e8b465ee728b)  -> (artifact id: '932ec7e9e3ec9b1295d8d7df652e8721') in 0.015013 seconds
  Import took 0.017864 seconds .

========================================================================
Received Import Request.
  Time since last request: 0.000302 seconds.
  path: Assets/Sprites/character_5.png
  artifactKey: Guid(5135eda3dccdc8242ac3bf46561e700b) Importer(815301076,1909f56bfc062723c751e8b465ee728b)
Start importing Assets/Sprites/character_5.png using Guid(5135eda3dccdc8242ac3bf46561e700b) Importer(815301076,1909f56bfc062723c751e8b465ee728b)  -> (artifact id: '75464434fdbac29ba5d10ce8052df5b2') in 0.014712 seconds
  Import took 0.017471 seconds .

========================================================================
Received Import Request.
  Time since last request: 0.000206 seconds.
  path: Assets/Sprites/shock.png
  artifactKey: Guid(4f649bcdff011464abf104f677ef7eba) Importer(815301076,1909f56bfc062723c751e8b465ee728b)
Start importing Assets/Sprites/shock.png using Guid(4f649bcdff011464abf104f677ef7eba) Importer(815301076,1909f56bfc062723c751e8b465ee728b)  -> (artifact id: '51e69e15e08b02fa6b2f10cafa3d7efb') in 0.014996 seconds
  Import took 0.017747 seconds .

========================================================================
Received Import Request.
  Time since last request: 0.000289 seconds.
  path: Assets/Sprites/character_7.png
  artifactKey: Guid(9b9306c350500e34cb16d5ec91585ce9) Importer(815301076,1909f56bfc062723c751e8b465ee728b)
Start importing Assets/Sprites/character_7.png using Guid(9b9306c350500e34cb16d5ec91585ce9) Importer(815301076,1909f56bfc062723c751e8b465ee728b)  -> (artifact id: 'c9c8a64c6e4c2a8e5def81d96f534218') in 0.015716 seconds
  Import took 0.018709 seconds .

========================================================================
Received Import Request.
  Time since last request: 0.000213 seconds.
  path: Assets/Sprites/card.png
  artifactKey: Guid(d95344e4b77c3c24692c6e52b5f36ac0) Importer(815301076,1909f56bfc062723c751e8b465ee728b)
Start importing Assets/Sprites/card.png using Guid(d95344e4b77c3c24692c6e52b5f36ac0) Importer(815301076,1909f56bfc062723c751e8b465ee728b)  -> (artifact id: 'b21bebe1de5bdd4cc703ef3b64b56510') in 0.014390 seconds
  Import took 0.017205 seconds .

========================================================================
Received Import Request.
  Time since last request: 0.000267 seconds.
  path: Assets/Sprites/character_12.png
  artifactKey: Guid(1a4dbd6a882f7524b95199886e1ce3ba) Importer(815301076,1909f56bfc062723c751e8b465ee728b)
Start importing Assets/Sprites/character_12.png using Guid(1a4dbd6a882f7524b95199886e1ce3ba) Importer(815301076,1909f56bfc062723c751e8b465ee728b)  -> (artifact id: '91e543794001a0077f93486669a17376') in 0.014612 seconds
  Import took 0.017771 seconds .

========================================================================
Received Import Request.
  Time since last request: 0.000234 seconds.
  path: Assets/Sprites/character_1.png
  artifactKey: Guid(de66b2f4a39de474f9e6cf0fd717589a) Importer(815301076,1909f56bfc062723c751e8b465ee728b)
Start importing Assets/Sprites/character_1.png using Guid(de66b2f4a39de474f9e6cf0fd717589a) Importer(815301076,1909f56bfc062723c751e8b465ee728b)  -> (artifact id: '9c74e4a3c41ff975d6e819b108079ab3') in 0.015996 seconds
  Import took 0.019333 seconds .

========================================================================
Received Import Request.
  Time since last request: 0.000289 seconds.
  path: Assets/Sprites/z.png
  artifactKey: Guid(2fcdd47c9c9b33a4ba3c2045b583dd53) Importer(815301076,1909f56bfc062723c751e8b465ee728b)
Start importing Assets/Sprites/z.png using Guid(2fcdd47c9c9b33a4ba3c2045b583dd53) Importer(815301076,1909f56bfc062723c751e8b465ee728b)  -> (artifact id: '8dbe49ffb06452c8e6f2f1cb53f493aa') in 0.016439 seconds
  Import took 0.019412 seconds .

========================================================================
Received Import Request.
  Time since last request: 0.000273 seconds.
  path: Assets/Sprites/character_11.png
  artifactKey: Guid(f0f45dccb838fe54ca09f83d58b26bcd) Importer(815301076,1909f56bfc062723c751e8b465ee728b)
Start importing Assets/Sprites/character_11.png using Guid(f0f45dccb838fe54ca09f83d58b26bcd) Importer(815301076,1909f56bfc062723c751e8b465ee728b)  -> (artifact id: 'af22aaee2a510d3c176ec1829dd8bf4b') in 0.016748 seconds
  Import took 0.019715 seconds .

========================================================================
Received Import Request.
  Time since last request: 0.000247 seconds.
  path: Assets/Sprites/character_8.png
  artifactKey: Guid(77167b759dc19a34a86b60e4fdca03ef) Importer(815301076,1909f56bfc062723c751e8b465ee728b)
Start importing Assets/Sprites/character_8.png using Guid(77167b759dc19a34a86b60e4fdca03ef) Importer(815301076,1909f56bfc062723c751e8b465ee728b)  -> (artifact id: '14127b5b1508b491bc8c88fa25c19e6c') in 0.016605 seconds
  Import took 0.019980 seconds .

========================================================================
Received Import Request.
  Time since last request: 0.000269 seconds.
  path: Assets/Sprites/blank.png
  artifactKey: Guid(a7751223a2d6f8843b19adfd93c69c50) Importer(815301076,1909f56bfc062723c751e8b465ee728b)
Start importing Assets/Sprites/blank.png using Guid(a7751223a2d6f8843b19adfd93c69c50) Importer(815301076,1909f56bfc062723c751e8b465ee728b)  -> (artifact id: '90fa17ce3d3e43a66f675ee4ea490314') in 0.014003 seconds
  Import took 0.016681 seconds .

========================================================================
Received Import Request.
  Time since last request: 0.000222 seconds.
  path: Assets/Sprites/character_3.png
  artifactKey: Guid(b37c20b0f8b30634d99b41cb21be13df) Importer(815301076,1909f56bfc062723c751e8b465ee728b)
Start importing Assets/Sprites/character_3.png using Guid(b37c20b0f8b30634d99b41cb21be13df) Importer(815301076,1909f56bfc062723c751e8b465ee728b)  -> (artifact id: '377c361ab1e0d7d9ad2054abb6f26052') in 0.014991 seconds
  Import took 0.017898 seconds .

========================================================================
Received Import Request.
  Time since last request: 0.000225 seconds.
  path: Assets/Sprites/character_4.png
  artifactKey: Guid(2603ad8e474b78647ba261891bce0754) Importer(815301076,1909f56bfc062723c751e8b465ee728b)
Start importing Assets/Sprites/character_4.png using Guid(2603ad8e474b78647ba261891bce0754) Importer(815301076,1909f56bfc062723c751e8b465ee728b)  -> (artifact id: 'f17312eb8a595e76eda3c6a46fac71ec') in 0.015179 seconds
  Import took 0.018369 seconds .

========================================================================
Received Import Request.
  Time since last request: 36.031834 seconds.
  path: Assets/Sprites/card.png
  artifactKey: Guid(d95344e4b77c3c24692c6e52b5f36ac0) Importer(815301076,1909f56bfc062723c751e8b465ee728b)
Start importing Assets/Sprites/card.png using Guid(d95344e4b77c3c24692c6e52b5f36ac0) Importer(815301076,1909f56bfc062723c751e8b465ee728b)  -> (artifact id: 'ae9d823334c3eaced2ecc7decabbaefc') in 0.011377 seconds
  Import took 0.014420 seconds .

========================================================================
Received Import Request.
  Time since last request: 0.000328 seconds.
  path: Assets/Sprites/shock.png
  artifactKey: Guid(4f649bcdff011464abf104f677ef7eba) Importer(815301076,1909f56bfc062723c751e8b465ee728b)
Start importing Assets/Sprites/shock.png using Guid(4f649bcdff011464abf104f677ef7eba) Importer(815301076,1909f56bfc062723c751e8b465ee728b)  -> (artifact id: '49faa058cddae40a14b8073fd2abbeaa') in 0.008082 seconds
  Import took 0.011214 seconds .

========================================================================
Received Import Request.
  Time since last request: 0.000261 seconds.
  path: Assets/Sprites/z.png
  artifactKey: Guid(2fcdd47c9c9b33a4ba3c2045b583dd53) Importer(815301076,1909f56bfc062723c751e8b465ee728b)
Start importing Assets/Sprites/z.png using Guid(2fcdd47c9c9b33a4ba3c2045b583dd53) Importer(815301076,1909f56bfc062723c751e8b465ee728b)  -> (artifact id: 'ba9d6de4e94606ec0f5a1966de8abaaa') in 0.011555 seconds
  Import took 0.014256 seconds .

========================================================================
Received Import Request.
  Time since last request: 10.819765 seconds.
  path: Assets/Sprites/card.png
  artifactKey: Guid(d95344e4b77c3c24692c6e52b5f36ac0) Importer(815301076,1909f56bfc062723c751e8b465ee728b)
Start importing Assets/Sprites/card.png using Guid(d95344e4b77c3c24692c6e52b5f36ac0) Importer(815301076,1909f56bfc062723c751e8b465ee728b)  -> (artifact id: 'ccf6b02888109f3aadc2615a929581f3') in 0.009117 seconds
  Import took 0.012132 seconds .

========================================================================
Received Import Request.
  Time since last request: 0.009656 seconds.
  path: Assets/Sprites/card.png
  artifactKey: Guid(d95344e4b77c3c24692c6e52b5f36ac0) Importer(815301076,1909f56bfc062723c751e8b465ee728b)
Start importing Assets/Sprites/card.png using Guid(d95344e4b77c3c24692c6e52b5f36ac0) Importer(815301076,1909f56bfc062723c751e8b465ee728b)  -> (artifact id: 'ccf6b02888109f3aadc2615a929581f3') in 0.007164 seconds
  Import took 0.010116 seconds .

========================================================================
Received Import Request.
  Time since last request: 21.661411 seconds.
  path: Assets/Sprites/card.png
  artifactKey: Guid(d95344e4b77c3c24692c6e52b5f36ac0) Importer(815301076,1909f56bfc062723c751e8b465ee728b)
Start importing Assets/Sprites/card.png using Guid(d95344e4b77c3c24692c6e52b5f36ac0) Importer(815301076,1909f56bfc062723c751e8b465ee728b)  -> (artifact id: '189eb44b883fa66b681329c93b9ce114') in 0.020744 seconds
  Import took 0.023623 seconds .

========================================================================
Received Import Request.
  Time since last request: 12.260663 seconds.
  path: Assets/Fonts
  artifactKey: Guid(20cc15056ca04694f9eab4b847beb7ce) Importer(815301076,1909f56bfc062723c751e8b465ee728b)
Start importing Assets/Fonts using Guid(20cc15056ca04694f9eab4b847beb7ce) Importer(815301076,1909f56bfc062723c751e8b465ee728b)  -> (artifact id: '3a845eccc03c3dd7a0e19bce854e6a70') in 0.007527 seconds
  Import took 0.010340 seconds .

========================================================================
Received Import Request.
  Time since last request: 11.268045 seconds.
  path: Assets/Fonts/NeoDunggeunmoPro-Regular.ttf
  artifactKey: Guid(6ebd794909e1e8d4da5f3e990dbcf526) Importer(815301076,1909f56bfc062723c751e8b465ee728b)
Start importing Assets/Fonts/NeoDunggeunmoPro-Regular.ttf using Guid(6ebd794909e1e8d4da5f3e990dbcf526) Importer(815301076,1909f56bfc062723c751e8b465ee728b)  -> (artifact id: '1104fc031aac42e42e9ea07502ddf575') in 0.115765 seconds
  Import took 0.118941 seconds .

========================================================================
Received Import Request.
  Time since last request: 665.574759 seconds.
  path: Assets/Fonts/NeoDunggeunmoPro-Regular SDF.asset
  artifactKey: Guid(48686665e0716d643be76cd919d709e7) Importer(815301076,1909f56bfc062723c751e8b465ee728b)
Start importing Assets/Fonts/NeoDunggeunmoPro-Regular SDF.asset using Guid(48686665e0716d643be76cd919d709e7) Importer(815301076,1909f56bfc062723c751e8b465ee728b) Shader 'TextMeshPro/Distance Field': fallback shader 'TextMeshPro/Mobile/Distance Field' not found
 -> (artifact id: 'ebb75a32398289ab30096d1f96019ef4') in 0.395014 seconds
  Import took 0.399428 seconds .

========================================================================
Received Import Request.
  Time since last request: 72.453840 seconds.
  path: Assets/Materials
  artifactKey: Guid(6535f2ead9d2b6a41b31660be6c66b6f) Importer(815301076,1909f56bfc062723c751e8b465ee728b)
Start importing Assets/Materials using Guid(6535f2ead9d2b6a41b31660be6c66b6f) Importer(815301076,1909f56bfc062723c751e8b465ee728b)  -> (artifact id: 'c031ba8f725c71f52a44438c4bda37c6') in 0.008167 seconds
  Import took 0.011145 seconds .

========================================================================
Received Import Request.
  Time since last request: 18.811790 seconds.
  path: Assets/Materials/TMPGeneralMaterial.mat
  artifactKey: Guid(275f325dc727de04ebe430576f13b55e) Importer(815301076,1909f56bfc062723c751e8b465ee728b)
Start importing Assets/Materials/TMPGeneralMaterial.mat using Guid(275f325dc727de04ebe430576f13b55e) Importer(815301076,1909f56bfc062723c751e8b465ee728b)  -> (artifact id: '5a4935b6eb59a6ff0e2dbe51b8cbc05a') in 0.029164 seconds
  Import took 0.032304 seconds .

========================================================================
Received Import Request.
  Time since last request: 219.297770 seconds.
  path: Assets/Materials/TMPGeneralMaterial.mat
  artifactKey: Guid(275f325dc727de04ebe430576f13b55e) Importer(815301076,1909f56bfc062723c751e8b465ee728b)
Start importing Assets/Materials/TMPGeneralMaterial.mat using Guid(275f325dc727de04ebe430576f13b55e) Importer(815301076,1909f56bfc062723c751e8b465ee728b)  -> (artifact id: 'abc8c5c84195f92a5db1cfd0da55b7b8') in 0.015768 seconds
  Import took 0.019739 seconds .

========================================================================
Received Prepare
Registering precompiled user dll's ...
Registered in 0.004019 seconds.
Begin MonoManager ReloadAssembly
Native extension for WindowsStandalone target not found
Refreshing native plugins compatible for Editor in 0.40 ms, found 1 plugins.
Preloading 0 native plugins for Editor in 0.00 ms.
Invoked RoslynAnalysisRunner static constructor.
RoslynAnalysisRunner will not be running.
RoslynAnalysisRunner has terminated.
Mono: successfully reloaded assembly
- Completed reload, in  0.924 seconds
Platform modules already initialized, skipping
Refreshing native plugins compatible for Editor in 0.35 ms, found 1 plugins.
Preloading 0 native plugins for Editor in 0.00 ms.
Unloading 1806 Unused Serialized files (Serialized files now loaded: 0)
System memory in use before: 89.6 MB.
System memory in use after: 89.1 MB.

Unloading 26 unused Assets to reduce memory usage. Loaded Objects now: 2312.
Total: 2.094400 ms (FindLiveObjects: 0.246000 ms CreateObjectMapping: 0.116300 ms MarkObjects: 1.460600 ms  DeleteObjects: 0.270300 ms)

========================================================================
Received Prepare
Registering precompiled user dll's ...
Registered in 0.002999 seconds.
Begin MonoManager ReloadAssembly
Native extension for WindowsStandalone target not found
Refreshing native plugins compatible for Editor in 0.37 ms, found 1 plugins.
Preloading 0 native plugins for Editor in 0.00 ms.
Invoked RoslynAnalysisRunner static constructor.
RoslynAnalysisRunner will not be running.
RoslynAnalysisRunner has terminated.
Mono: successfully reloaded assembly
- Completed reload, in  0.934 seconds
Platform modules already initialized, skipping
Refreshing native plugins compatible for Editor in 0.33 ms, found 1 plugins.
Preloading 0 native plugins for Editor in 0.00 ms.
Unloading 1803 Unused Serialized files (Serialized files now loaded: 0)
System memory in use before: 89.5 MB.
System memory in use after: 89.0 MB.

Unloading 25 unused Assets to reduce memory usage. Loaded Objects now: 2315.
Total: 2.211800 ms (FindLiveObjects: 0.230200 ms CreateObjectMapping: 0.097200 ms MarkObjects: 1.589100 ms  DeleteObjects: 0.294400 ms)

========================================================================
Received Import Request.
  Time since last request: 196.760184 seconds.
  path: Assets/Scripts
  artifactKey: Guid(135ac118aa182fe4194f8c2db06630ea) Importer(815301076,1909f56bfc062723c751e8b465ee728b)
Start importing Assets/Scripts using Guid(135ac118aa182fe4194f8c2db06630ea) Importer(815301076,1909f56bfc062723c751e8b465ee728b)  -> (artifact id: '61dcc3095edd2be8b9578186db0df569') in 0.009630 seconds
  Import took 0.013390 seconds .

========================================================================
Received Import Request.
  Time since last request: 0.000739 seconds.
  path: Assets/Scripts
  artifactKey: Guid(135ac118aa182fe4194f8c2db06630ea) Importer(815301076,1909f56bfc062723c751e8b465ee728b)
Start importing Assets/Scripts using Guid(135ac118aa182fe4194f8c2db06630ea) Importer(815301076,1909f56bfc062723c751e8b465ee728b)  -> (artifact id: '61dcc3095edd2be8b9578186db0df569') in 0.003180 seconds
  Import took 0.006320 seconds .

========================================================================
Received Import Request.
  Time since last request: 7.132763 seconds.
  path: Assets/Scripts/SO
  artifactKey: Guid(d97fd813b822dcf40b37367bd82eb081) Importer(815301076,1909f56bfc062723c751e8b465ee728b)
Start importing Assets/Scripts/SO using Guid(d97fd813b822dcf40b37367bd82eb081) Importer(815301076,1909f56bfc062723c751e8b465ee728b)  -> (artifact id: 'c05b2677dd6ecd9d0dae69d54ae0722e') in 0.007587 seconds
  Import took 0.010309 seconds .

========================================================================
Received Import Request.
  Time since last request: 19.147077 seconds.
  path: Assets/Scripts/SO/ItemSO.cs
  artifactKey: Guid(642307b65b4cafc4db61072d2ebf6447) Importer(815301076,1909f56bfc062723c751e8b465ee728b)
Start importing Assets/Scripts/SO/ItemSO.cs using Guid(642307b65b4cafc4db61072d2ebf6447) Importer(815301076,1909f56bfc062723c751e8b465ee728b)  -> (artifact id: '0d66a6f0cb7e3b71cb060e22e5ae7317') in 0.026333 seconds
  Import took 0.029466 seconds .

========================================================================
Received Prepare
Registering precompiled user dll's ...
Registered in 0.003860 seconds.
Begin MonoManager ReloadAssembly
Native extension for WindowsStandalone target not found
Refreshing native plugins compatible for Editor in 0.36 ms, found 1 plugins.
Preloading 0 native plugins for Editor in 0.00 ms.
Invoked RoslynAnalysisRunner static constructor.
RoslynAnalysisRunner will not be running.
RoslynAnalysisRunner has terminated.
Mono: successfully reloaded assembly
- Completed reload, in  0.859 seconds
Platform modules already initialized, skipping
Refreshing native plugins compatible for Editor in 0.34 ms, found 1 plugins.
Preloading 0 native plugins for Editor in 0.00 ms.
Unloading 1804 Unused Serialized files (Serialized files now loaded: 0)
System memory in use before: 89.6 MB.
System memory in use after: 89.1 MB.

Unloading 25 unused Assets to reduce memory usage. Loaded Objects now: 2319.
Total: 1.970400 ms (FindLiveObjects: 0.196500 ms CreateObjectMapping: 0.064900 ms MarkObjects: 1.413700 ms  DeleteObjects: 0.294200 ms)

========================================================================
Received Prepare
Registering precompiled user dll's ...
Registered in 0.003267 seconds.
Begin MonoManager ReloadAssembly
Native extension for WindowsStandalone target not found
Refreshing native plugins compatible for Editor in 0.39 ms, found 1 plugins.
Preloading 0 native plugins for Editor in 0.00 ms.
Invoked RoslynAnalysisRunner static constructor.
RoslynAnalysisRunner will not be running.
RoslynAnalysisRunner has terminated.
Mono: successfully reloaded assembly
- Completed reload, in  0.915 seconds
Platform modules already initialized, skipping
Refreshing native plugins compatible for Editor in 0.86 ms, found 1 plugins.
Preloading 0 native plugins for Editor in 0.00 ms.
Unloading 1804 Unused Serialized files (Serialized files now loaded: 0)
System memory in use before: 89.7 MB.
System memory in use after: 89.2 MB.

Unloading 25 unused Assets to reduce memory usage. Loaded Objects now: 2322.
Total: 2.388200 ms (FindLiveObjects: 0.223600 ms CreateObjectMapping: 0.100400 ms MarkObjects: 1.721400 ms  DeleteObjects: 0.341300 ms)

========================================================================
Received Import Request.
  Time since last request: 68.198019 seconds.
  path: Assets/Scripts/SO/ItemSO.asset
  artifactKey: Guid(470277e5d353ca34297cca7ab9eb01ac) Importer(815301076,1909f56bfc062723c751e8b465ee728b)
Start importing Assets/Scripts/SO/ItemSO.asset using Guid(470277e5d353ca34297cca7ab9eb01ac) Importer(815301076,1909f56bfc062723c751e8b465ee728b)  -> (artifact id: 'ff910d2e94fb63b2d9ee13cb654f1a29') in 0.011285 seconds
  Import took 0.014381 seconds .

========================================================================
Received Import Request.
  Time since last request: 12.506186 seconds.
  path: Assets/Sprites/Characters
  artifactKey: Guid(84866f0f49d97ef4ea9a490a50a8cf36) Importer(815301076,1909f56bfc062723c751e8b465ee728b)
Start importing Assets/Sprites/Characters using Guid(84866f0f49d97ef4ea9a490a50a8cf36) Importer(815301076,1909f56bfc062723c751e8b465ee728b)  -> (artifact id: 'bcd8655126615ffe83d5016e61bfff7d') in 0.007501 seconds
  Import took 0.010512 seconds .

========================================================================
Received Import Request.
  Time since last request: 0.000497 seconds.
  path: Assets/Sprites/Characters
  artifactKey: Guid(84866f0f49d97ef4ea9a490a50a8cf36) Importer(815301076,1909f56bfc062723c751e8b465ee728b)
Start importing Assets/Sprites/Characters using Guid(84866f0f49d97ef4ea9a490a50a8cf36) Importer(815301076,1909f56bfc062723c751e8b465ee728b)  -> (artifact id: 'bcd8655126615ffe83d5016e61bfff7d') in 0.002812 seconds
  Import took 0.005554 seconds .

========================================================================
Received Import Request.
  Time since last request: 84.111168 seconds.
  path: Packages/com.unity.2d.animation/Editor/Assets/SkinningModule/Icons/Light/Bone.png
  artifactKey: Guid(62ce01ddca719d34ea9648c586a7cc94) Importer(815301076,1909f56bfc062723c751e8b465ee728b)
Start importing Packages/com.unity.2d.animation/Editor/Assets/SkinningModule/Icons/Light/Bone.png using Guid(62ce01ddca719d34ea9648c586a7cc94) Importer(815301076,1909f56bfc062723c751e8b465ee728b)  -> (artifact id: '4237ce3d74dc678a8cc5110ee31de60b') in 0.048495 seconds
  Import took 0.051864 seconds .

========================================================================
Received Import Request.
  Time since last request: 0.000284 seconds.
  path: Packages/com.unity.2d.animation/Editor/Assets/SkinningModule/Icons/Light/Bone@3x.png
  artifactKey: Guid(76beef9fdae7b48468ddf07d0400a374) Importer(815301076,1909f56bfc062723c751e8b465ee728b)
Start importing Packages/com.unity.2d.animation/Editor/Assets/SkinningModule/Icons/Light/Bone@3x.png using Guid(76beef9fdae7b48468ddf07d0400a374) Importer(815301076,1909f56bfc062723c751e8b465ee728b)  -> (artifact id: 'f25b072ab162736aaa38659f2642f493') in 0.017971 seconds
  Import took 0.020769 seconds .

========================================================================
Received Import Request.
  Time since last request: 0.000228 seconds.
  path: Packages/com.unity.2d.animation/Editor/Assets/SkinningModule/Icons/Selected/Bone_Influence.png
  artifactKey: Guid(ff00345da0563d641903c5bd5bb748a4) Importer(815301076,1909f56bfc062723c751e8b465ee728b)
Start importing Packages/com.unity.2d.animation/Editor/Assets/SkinningModule/Icons/Selected/Bone_Influence.png using Guid(ff00345da0563d641903c5bd5bb748a4) Importer(815301076,1909f56bfc062723c751e8b465ee728b)  -> (artifact id: '503cbce790b4991b0040d35f18c77869') in 0.017890 seconds
  Import took 0.020596 seconds .

========================================================================
Received Import Request.
  Time since last request: 0.000212 seconds.
  path: Packages/com.unity.2d.animation/Editor/Assets/SkinningModule/Icons/Light/Bone.png
  artifactKey: Guid(62ce01ddca719d34ea9648c586a7cc94) Importer(815301076,1909f56bfc062723c751e8b465ee728b)
Start importing Packages/com.unity.2d.animation/Editor/Assets/SkinningModule/Icons/Light/Bone.png using Guid(62ce01ddca719d34ea9648c586a7cc94) Importer(815301076,1909f56bfc062723c751e8b465ee728b)  -> (artifact id: '4237ce3d74dc678a8cc5110ee31de60b') in 0.007938 seconds
  Import took 0.010847 seconds .

========================================================================
Received Import Request.
  Time since last request: 0.000231 seconds.
  path: Packages/com.unity.2d.animation/Editor/Assets/SkinningModule/Icons/Light/Bone_Influence.png
  artifactKey: Guid(e92fc44f12c21dd44a49e390f39f7ffd) Importer(815301076,1909f56bfc062723c751e8b465ee728b)
Start importing Packages/com.unity.2d.animation/Editor/Assets/SkinningModule/Icons/Light/Bone_Influence.png using Guid(e92fc44f12c21dd44a49e390f39f7ffd) Importer(815301076,1909f56bfc062723c751e8b465ee728b)  -> (artifact id: '4d06d4257289368822e06b9afc7a25e4') in 0.016803 seconds
  Import took 0.019650 seconds .

========================================================================
Received Import Request.
  Time since last request: 0.000232 seconds.
  path: Packages/com.unity.2d.animation/Editor/Assets/SkinningModule/Icons/Light/Bone@4x.png
  artifactKey: Guid(9125c204f566db048a92ebcb64d9d14a) Importer(815301076,1909f56bfc062723c751e8b465ee728b)
Start importing Packages/com.unity.2d.animation/Editor/Assets/SkinningModule/Icons/Light/Bone@4x.png using Guid(9125c204f566db048a92ebcb64d9d14a) Importer(815301076,1909f56bfc062723c751e8b465ee728b)  -> (artifact id: 'e52a12b5df013e4e8aaa9ed00a1201c3') in 0.017975 seconds
  Import took 0.020768 seconds .

========================================================================
Received Import Request.
  Time since last request: 0.000259 seconds.
  path: Packages/com.unity.2d.animation/Editor/Assets/SkinningModule/Icons/Light/Bone@2x.png
  artifactKey: Guid(d6a44ab95b0def041a7929981a2c23a1) Importer(815301076,1909f56bfc062723c751e8b465ee728b)
Start importing Packages/com.unity.2d.animation/Editor/Assets/SkinningModule/Icons/Light/Bone@2x.png using Guid(d6a44ab95b0def041a7929981a2c23a1) Importer(815301076,1909f56bfc062723c751e8b465ee728b)  -> (artifact id: '8ebcc2cfb86376f8da61b1004ff1c2c0') in 0.019856 seconds
  Import took 0.022632 seconds .

========================================================================
Received Import Request.
  Time since last request: 1.416880 seconds.
  path: Packages/com.unity.2d.animation/Editor/Assets/SkinningModule/Icons/Selected/Bone_Influence@2x.png
  artifactKey: Guid(0779ad3feec52124e97114bcbb12ef13) Importer(815301076,1909f56bfc062723c751e8b465ee728b)
Start importing Packages/com.unity.2d.animation/Editor/Assets/SkinningModule/Icons/Selected/Bone_Influence@2x.png using Guid(0779ad3feec52124e97114bcbb12ef13) Importer(815301076,1909f56bfc062723c751e8b465ee728b)  -> (artifact id: 'fcb5f3ca72d1cab4c30ce8c4071a02c9') in 0.017008 seconds
  Import took 0.019978 seconds .

========================================================================
Received Import Request.
  Time since last request: 0.000265 seconds.
  path: Packages/com.unity.2d.animation/Editor/Assets/SkinningModule/Icons/Light/Bone_Influence@2x.png
  artifactKey: Guid(7395bf0bc3cc40e4ab2dda5ec6832261) Importer(815301076,1909f56bfc062723c751e8b465ee728b)
Start importing Packages/com.unity.2d.animation/Editor/Assets/SkinningModule/Icons/Light/Bone_Influence@2x.png using Guid(7395bf0bc3cc40e4ab2dda5ec6832261) Importer(815301076,1909f56bfc062723c751e8b465ee728b)  -> (artifact id: 'efab1307a6271903e300437e3259bf48') in 0.015867 seconds
  Import took 0.018529 seconds .

========================================================================
Received Import Request.
  Time since last request: 0.257304 seconds.
  path: Packages/com.unity.2d.animation/Editor/Assets/SkinningModule/Icons/Light/Bone_Influence@3x.png
  artifactKey: Guid(cee9dbe90b270c944ae1dabf41c93b10) Importer(815301076,1909f56bfc062723c751e8b465ee728b)
Start importing Packages/com.unity.2d.animation/Editor/Assets/SkinningModule/Icons/Light/Bone_Influence@3x.png using Guid(cee9dbe90b270c944ae1dabf41c93b10) Importer(815301076,1909f56bfc062723c751e8b465ee728b)  -> (artifact id: '880deff6232147c451dc5e475e89acd2') in 0.016926 seconds
  Import took 0.020107 seconds .

========================================================================
Received Import Request.
  Time since last request: 0.000251 seconds.
  path: Packages/com.unity.2d.animation/Editor/Assets/SkinningModule/Icons/Selected/Bone_Influence@4x.png
  artifactKey: Guid(daf2ab606d4db0d4f9ecf4c02137d2a8) Importer(815301076,1909f56bfc062723c751e8b465ee728b)
Start importing Packages/com.unity.2d.animation/Editor/Assets/SkinningModule/Icons/Selected/Bone_Influence@4x.png using Guid(daf2ab606d4db0d4f9ecf4c02137d2a8) Importer(815301076,1909f56bfc062723c751e8b465ee728b)  -> (artifact id: 'f19ace73ee52e4fef5f80cab9bc8a706') in 0.019419 seconds
  Import took 0.022749 seconds .

========================================================================
Received Import Request.
  Time since last request: 0.000243 seconds.
  path: Packages/com.unity.2d.animation/Editor/Assets/SkinningModule/Icons/Selected/Bone_Influence@3x.png
  artifactKey: Guid(68e5a78013e33f247822a837e55b0ab4) Importer(815301076,1909f56bfc062723c751e8b465ee728b)
Start importing Packages/com.unity.2d.animation/Editor/Assets/SkinningModule/Icons/Selected/Bone_Influence@3x.png using Guid(68e5a78013e33f247822a837e55b0ab4) Importer(815301076,1909f56bfc062723c751e8b465ee728b)  -> (artifact id: 'd447eb6c975a39695ce8dbda58add755') in 0.016401 seconds
  Import took 0.019359 seconds .

========================================================================
Received Import Request.
  Time since last request: 0.000254 seconds.
  path: Packages/com.unity.2d.animation/Editor/Assets/SkinningModule/Icons/Light/Bone_Influence@4x.png
  artifactKey: Guid(c7aa62ae78ffca0498c89e5f45f94c0e) Importer(815301076,1909f56bfc062723c751e8b465ee728b)
Start importing Packages/com.unity.2d.animation/Editor/Assets/SkinningModule/Icons/Light/Bone_Influence@4x.png using Guid(c7aa62ae78ffca0498c89e5f45f94c0e) Importer(815301076,1909f56bfc062723c751e8b465ee728b)  -> (artifact id: '46e4aaf8a92bb4d4ab827d05ccebbaf9') in 0.014925 seconds
  Import took 0.017860 seconds .

========================================================================
Received Import Request.
  Time since last request: 0.001309 seconds.
  path: Packages/com.unity.2d.animation/Editor/Assets/SkinningModule/Icons/Light/Bone_Influence@4x.png
  artifactKey: Guid(c7aa62ae78ffca0498c89e5f45f94c0e) Importer(815301076,1909f56bfc062723c751e8b465ee728b)
Start importing Packages/com.unity.2d.animation/Editor/Assets/SkinningModule/Icons/Light/Bone_Influence@4x.png using Guid(c7aa62ae78ffca0498c89e5f45f94c0e) Importer(815301076,1909f56bfc062723c751e8b465ee728b)  -> (artifact id: '46e4aaf8a92bb4d4ab827d05ccebbaf9') in 0.008418 seconds
  Import took 0.011210 seconds .

========================================================================
Received Import Request.
  Time since last request: 10.887897 seconds.
  path: Packages/com.unity.2d.animation/Editor/Assets/SkinningModule/Icons/Light/character_Mode.png
  artifactKey: Guid(d4d64a6cd9624c34a815dd79fb2a20a4) Importer(815301076,1909f56bfc062723c751e8b465ee728b)
Start importing Packages/com.unity.2d.animation/Editor/Assets/SkinningModule/Icons/Light/character_Mode.png using Guid(d4d64a6cd9624c34a815dd79fb2a20a4) Importer(815301076,1909f56bfc062723c751e8b465ee728b)  -> (artifact id: 'cc05d5a5a4acfd170234d2874d3f6eb0') in 0.016744 seconds
  Import took 0.019602 seconds .

========================================================================
Received Import Request.
  Time since last request: 0.000278 seconds.
  path: Packages/com.unity.2d.animation/Editor/Assets/SkinningModule/Icons/Light/character_Mode@2x.png
  artifactKey: Guid(25096ce515c063c48a2bd6b108c95912) Importer(815301076,1909f56bfc062723c751e8b465ee728b)
Start importing Packages/com.unity.2d.animation/Editor/Assets/SkinningModule/Icons/Light/character_Mode@2x.png using Guid(25096ce515c063c48a2bd6b108c95912) Importer(815301076,1909f56bfc062723c751e8b465ee728b)  -> (artifact id: '6be01577657398d89f8ec35026a58520') in 0.017677 seconds
  Import took 0.020317 seconds .

========================================================================
Received Import Request.
  Time since last request: 0.000251 seconds.
  path: Packages/com.unity.2d.animation/Editor/Assets/SkinningModule/Icons/Selected/character_Mode.png
  artifactKey: Guid(e60718119cec31e4190849292fcde068) Importer(815301076,1909f56bfc062723c751e8b465ee728b)
Start importing Packages/com.unity.2d.animation/Editor/Assets/SkinningModule/Icons/Selected/character_Mode.png using Guid(e60718119cec31e4190849292fcde068) Importer(815301076,1909f56bfc062723c751e8b465ee728b)  -> (artifact id: '06b3705a6b5cb7a01413bd9712168d8e') in 0.015000 seconds
  Import took 0.017909 seconds .

========================================================================
Received Import Request.
  Time since last request: 9.769108 seconds.
  path: Packages/com.unity.2d.animation/Editor/Assets/SkinningModule/Icons/Selected/character_Mode@2x.png
  artifactKey: Guid(5d52b20f865aff242bfcb08c3b6f61a5) Importer(815301076,1909f56bfc062723c751e8b465ee728b)
Start importing Packages/com.unity.2d.animation/Editor/Assets/SkinningModule/Icons/Selected/character_Mode@2x.png using Guid(5d52b20f865aff242bfcb08c3b6f61a5) Importer(815301076,1909f56bfc062723c751e8b465ee728b)  -> (artifact id: '7dfe5ed33f9c90090e2d4fc4a3b87ee5') in 0.015576 seconds
  Import took 0.018487 seconds .

========================================================================
Received Import Request.
  Time since last request: 0.000229 seconds.
  path: Packages/com.unity.2d.animation/Editor/Assets/SkinningModule/Icons/Light/character_Mode@3x.png
  artifactKey: Guid(17fa84703485d314b8d6b5216987d4b1) Importer(815301076,1909f56bfc062723c751e8b465ee728b)
Start importing Packages/com.unity.2d.animation/Editor/Assets/SkinningModule/Icons/Light/character_Mode@3x.png using Guid(17fa84703485d314b8d6b5216987d4b1) Importer(815301076,1909f56bfc062723c751e8b465ee728b)  -> (artifact id: 'a747e8113dadcb042d52d9ea7b1be856') in 0.018063 seconds
  Import took 0.020719 seconds .

========================================================================
Received Import Request.
  Time since last request: 6.535254 seconds.
  path: Packages/com.unity.2d.animation/Editor/Assets/SkinningModule/Icons/Selected/character_Mode@3x.png
  artifactKey: Guid(dcea51d6065d64246aeec467afeff684) Importer(815301076,1909f56bfc062723c751e8b465ee728b)
Start importing Packages/com.unity.2d.animation/Editor/Assets/SkinningModule/Icons/Selected/character_Mode@3x.png using Guid(dcea51d6065d64246aeec467afeff684) Importer(815301076,1909f56bfc062723c751e8b465ee728b)  -> (artifact id: '50161318678d34141c532b7c3f98f843') in 0.014731 seconds
  Import took 0.017665 seconds .

========================================================================
Received Import Request.
  Time since last request: 0.000303 seconds.
  path: Packages/com.unity.2d.animation/Editor/Assets/SkinningModule/Icons/Selected/character_Mode@4x.png
  artifactKey: Guid(0ccc508108fa6ed4fa11b4a467d7f609) Importer(815301076,1909f56bfc062723c751e8b465ee728b)
Start importing Packages/com.unity.2d.animation/Editor/Assets/SkinningModule/Icons/Selected/character_Mode@4x.png using Guid(0ccc508108fa6ed4fa11b4a467d7f609) Importer(815301076,1909f56bfc062723c751e8b465ee728b)  -> (artifact id: 'b8181d7d3026e9d8019b85f848598801') in 0.017969 seconds
  Import took 0.020995 seconds .

========================================================================
Received Import Request.
  Time since last request: 516.401038 seconds.
  path: ProjectSettings/TagManager.asset
  artifactKey: Guid(00000000000000003000000000000000) Importer(815301076,1909f56bfc062723c751e8b465ee728b)
Start importing ProjectSettings/TagManager.asset using Guid(00000000000000003000000000000000) Importer(815301076,1909f56bfc062723c751e8b465ee728b)  -> (artifact id: '2a276bfe1a8cbeea2c89852a4ad7a997') in 0.008932 seconds
  Import took 0.012464 seconds .

========================================================================
Received Import Request.
  Time since last request: 345.329182 seconds.
  path: Assets/Scripts/Order.cs
  artifactKey: Guid(e15c063288126e34ba7afe87abc808f4) Importer(815301076,1909f56bfc062723c751e8b465ee728b)
Start importing Assets/Scripts/Order.cs using Guid(e15c063288126e34ba7afe87abc808f4) Importer(815301076,1909f56bfc062723c751e8b465ee728b)  -> (artifact id: '9042b17f26058a12b047febe973d6ec6') in 0.008456 seconds
  Import took 0.012414 seconds .

========================================================================
Received Prepare
Registering precompiled user dll's ...
Registered in 0.002991 seconds.
Begin MonoManager ReloadAssembly
Native extension for WindowsStandalone target not found
Refreshing native plugins compatible for Editor in 0.36 ms, found 1 plugins.
Preloading 0 native plugins for Editor in 0.00 ms.
Invoked RoslynAnalysisRunner static constructor.
RoslynAnalysisRunner will not be running.
RoslynAnalysisRunner has terminated.
Mono: successfully reloaded assembly
- Completed reload, in  0.861 seconds
Platform modules already initialized, skipping
Refreshing native plugins compatible for Editor in 0.34 ms, found 1 plugins.
Preloading 0 native plugins for Editor in 0.00 ms.
Unloading 1805 Unused Serialized files (Serialized files now loaded: 0)
System memory in use before: 89.9 MB.
System memory in use after: 89.4 MB.

Unloading 26 unused Assets to reduce memory usage. Loaded Objects now: 2335.
Total: 2.432100 ms (FindLiveObjects: 0.402100 ms CreateObjectMapping: 0.105000 ms MarkObjects: 1.613500 ms  DeleteObjects: 0.310500 ms)

========================================================================
Received Prepare
Registering precompiled user dll's ...
Registered in 0.002887 seconds.
Begin MonoManager ReloadAssembly
Native extension for WindowsStandalone target not found
Refreshing native plugins compatible for Editor in 0.37 ms, found 1 plugins.
Preloading 0 native plugins for Editor in 0.00 ms.
Invoked RoslynAnalysisRunner static constructor.
RoslynAnalysisRunner will not be running.
RoslynAnalysisRunner has terminated.
Mono: successfully reloaded assembly
- Completed reload, in  0.857 seconds
Platform modules already initialized, skipping
Refreshing native plugins compatible for Editor in 0.40 ms, found 1 plugins.
Preloading 0 native plugins for Editor in 0.00 ms.
Unloading 1805 Unused Serialized files (Serialized files now loaded: 0)
System memory in use before: 90.0 MB.
System memory in use after: 89.5 MB.

Unloading 25 unused Assets to reduce memory usage. Loaded Objects now: 2338.
Total: 2.652500 ms (FindLiveObjects: 0.195400 ms CreateObjectMapping: 0.067700 ms MarkObjects: 1.947400 ms  DeleteObjects: 0.440300 ms)

========================================================================
Received Import Request.
  Time since last request: 15.980179 seconds.
  path: Assets/Scripts/Order.cs
  artifactKey: Guid(e15c063288126e34ba7afe87abc808f4) Importer(815301076,1909f56bfc062723c751e8b465ee728b)
Start importing Assets/Scripts/Order.cs using Guid(e15c063288126e34ba7afe87abc808f4) Importer(815301076,1909f56bfc062723c751e8b465ee728b)  -> (artifact id: '9a0138094b58f53745418040241a1a55') in 0.005557 seconds
  Import took 0.009335 seconds .

========================================================================
Received Import Request.
  Time since last request: 177.794558 seconds.
  path: Assets/Scripts/CardManager.cs
  artifactKey: Guid(421375bfa1ffe254daa7f35c6bc606f6) Importer(815301076,1909f56bfc062723c751e8b465ee728b)
Start importing Assets/Scripts/CardManager.cs using Guid(421375bfa1ffe254daa7f35c6bc606f6) Importer(815301076,1909f56bfc062723c751e8b465ee728b)  -> (artifact id: '8840dbeb3e0010b15c8251f4b2bf0b97') in 0.009535 seconds
  Import took 0.013815 seconds .

========================================================================
Received Prepare
Registering precompiled user dll's ...
Registered in 0.002795 seconds.
Begin MonoManager ReloadAssembly
Native extension for WindowsStandalone target not found
Refreshing native plugins compatible for Editor in 0.35 ms, found 1 plugins.
Preloading 0 native plugins for Editor in 0.00 ms.
Invoked RoslynAnalysisRunner static constructor.
RoslynAnalysisRunner will not be running.
RoslynAnalysisRunner has terminated.
Mono: successfully reloaded assembly
- Completed reload, in  0.968 seconds
Platform modules already initialized, skipping
Refreshing native plugins compatible for Editor in 0.36 ms, found 1 plugins.
Preloading 0 native plugins for Editor in 0.00 ms.
Unloading 1806 Unused Serialized files (Serialized files now loaded: 0)
System memory in use before: 90.1 MB.
System memory in use after: 89.6 MB.

Unloading 25 unused Assets to reduce memory usage. Loaded Objects now: 2342.
Total: 2.282000 ms (FindLiveObjects: 0.378900 ms CreateObjectMapping: 0.166500 ms MarkObjects: 1.432800 ms  DeleteObjects: 0.302500 ms)

========================================================================
Received Import Request.
  Time since last request: 11.301145 seconds.
  path: Assets/Scripts/CardManager.cs
  artifactKey: Guid(421375bfa1ffe254daa7f35c6bc606f6) Importer(815301076,1909f56bfc062723c751e8b465ee728b)
Start importing Assets/Scripts/CardManager.cs using Guid(421375bfa1ffe254daa7f35c6bc606f6) Importer(815301076,1909f56bfc062723c751e8b465ee728b)  -> (artifact id: '9e6474d2b23ad0114fc9db85a58c0da1') in 0.005313 seconds
  Import took 0.008474 seconds .

========================================================================
Received Import Request.
  Time since last request: 0.029447 seconds.
  path: Assets/Scripts/CardManager.cs
  artifactKey: Guid(421375bfa1ffe254daa7f35c6bc606f6) Importer(815301076,1909f56bfc062723c751e8b465ee728b)
Start importing Assets/Scripts/CardManager.cs using Guid(421375bfa1ffe254daa7f35c6bc606f6) Importer(815301076,1909f56bfc062723c751e8b465ee728b)  -> (artifact id: '9e6474d2b23ad0114fc9db85a58c0da1') in 0.003742 seconds
  Import took 0.006581 seconds .

========================================================================
Received Import Request.
  Time since last request: 103.558372 seconds.
  path: Assets/Scripts/CardManager.cs
  artifactKey: Guid(421375bfa1ffe254daa7f35c6bc606f6) Importer(815301076,1909f56bfc062723c751e8b465ee728b)
Start importing Assets/Scripts/CardManager.cs using Guid(421375bfa1ffe254daa7f35c6bc606f6) Importer(815301076,1909f56bfc062723c751e8b465ee728b)  -> (artifact id: 'b1870f6d7221a7c75cbe78497d1f4218') in 0.002968 seconds
  Import took 0.005853 seconds .

========================================================================
Received Import Request.
  Time since last request: 336.442146 seconds.
  path: Assets/Scripts/CardManager.cs
  artifactKey: Guid(421375bfa1ffe254daa7f35c6bc606f6) Importer(815301076,1909f56bfc062723c751e8b465ee728b)
Start importing Assets/Scripts/CardManager.cs using Guid(421375bfa1ffe254daa7f35c6bc606f6) Importer(815301076,1909f56bfc062723c751e8b465ee728b)  -> (artifact id: '37f9753a643ba5f721278b1f3068d74c') in 0.003882 seconds
  Import took 0.008107 seconds .

========================================================================
Received Prepare
Registering precompiled user dll's ...
Registered in 0.005456 seconds.
Begin MonoManager ReloadAssembly
Native extension for WindowsStandalone target not found
Refreshing native plugins compatible for Editor in 0.39 ms, found 1 plugins.
Preloading 0 native plugins for Editor in 0.00 ms.
Invoked RoslynAnalysisRunner static constructor.
RoslynAnalysisRunner will not be running.
RoslynAnalysisRunner has terminated.
Mono: successfully reloaded assembly
- Completed reload, in  0.945 seconds
Platform modules already initialized, skipping
Refreshing native plugins compatible for Editor in 0.38 ms, found 1 plugins.
Preloading 0 native plugins for Editor in 0.00 ms.
Unloading 1806 Unused Serialized files (Serialized files now loaded: 0)
System memory in use before: 90.2 MB.
System memory in use after: 89.7 MB.

Unloading 25 unused Assets to reduce memory usage. Loaded Objects now: 2345.
Total: 2.418400 ms (FindLiveObjects: 0.356900 ms CreateObjectMapping: 0.126400 ms MarkObjects: 1.583400 ms  DeleteObjects: 0.350100 ms)

========================================================================
Received Prepare
Registering precompiled user dll's ...
Registered in 0.002988 seconds.
Begin MonoManager ReloadAssembly
Native extension for WindowsStandalone target not found
Refreshing native plugins compatible for Editor in 0.51 ms, found 1 plugins.
Preloading 0 native plugins for Editor in 0.00 ms.
Invoked RoslynAnalysisRunner static constructor.
RoslynAnalysisRunner will not be running.
RoslynAnalysisRunner has terminated.
Mono: successfully reloaded assembly
- Completed reload, in  1.192 seconds
Platform modules already initialized, skipping
Refreshing native plugins compatible for Editor in 0.43 ms, found 1 plugins.
Preloading 0 native plugins for Editor in 0.00 ms.
Unloading 1806 Unused Serialized files (Serialized files now loaded: 0)
System memory in use before: 90.2 MB.
System memory in use after: 89.7 MB.

Unloading 25 unused Assets to reduce memory usage. Loaded Objects now: 2348.
Total: 2.661900 ms (FindLiveObjects: 0.378000 ms CreateObjectMapping: 0.172100 ms MarkObjects: 1.763900 ms  DeleteObjects: 0.346200 ms)

========================================================================
Received Import Request.
  Time since last request: 79.145858 seconds.
  path: Assets/Scripts/Card.cs
  artifactKey: Guid(6d0afe85da13ed14e93167394cec211e) Importer(815301076,1909f56bfc062723c751e8b465ee728b)
Start importing Assets/Scripts/Card.cs using Guid(6d0afe85da13ed14e93167394cec211e) Importer(815301076,1909f56bfc062723c751e8b465ee728b)  -> (artifact id: '7bad6ab0ecfe38f49e90f452bee73f46') in 0.013387 seconds
  Import took 0.016534 seconds .

========================================================================
Received Prepare
Registering precompiled user dll's ...
Registered in 0.003189 seconds.
Begin MonoManager ReloadAssembly
Native extension for WindowsStandalone target not found
Refreshing native plugins compatible for Editor in 0.38 ms, found 1 plugins.
Preloading 0 native plugins for Editor in 0.00 ms.
Invoked RoslynAnalysisRunner static constructor.
RoslynAnalysisRunner will not be running.
RoslynAnalysisRunner has terminated.
Mono: successfully reloaded assembly
- Completed reload, in  0.924 seconds
Platform modules already initialized, skipping
Refreshing native plugins compatible for Editor in 0.35 ms, found 1 plugins.
Preloading 0 native plugins for Editor in 0.00 ms.
Unloading 1807 Unused Serialized files (Serialized files now loaded: 0)
System memory in use before: 90.3 MB.
System memory in use after: 89.9 MB.

Unloading 25 unused Assets to reduce memory usage. Loaded Objects now: 2352.
Total: 2.031100 ms (FindLiveObjects: 0.231700 ms CreateObjectMapping: 0.085600 ms MarkObjects: 1.335900 ms  DeleteObjects: 0.376400 ms)

========================================================================
Received Prepare
Registering precompiled user dll's ...
Registered in 0.002893 seconds.
Begin MonoManager ReloadAssembly
Native extension for WindowsStandalone target not found
Refreshing native plugins compatible for Editor in 0.35 ms, found 1 plugins.
Preloading 0 native plugins for Editor in 0.00 ms.
Invoked RoslynAnalysisRunner static constructor.
RoslynAnalysisRunner will not be running.
RoslynAnalysisRunner has terminated.
Mono: successfully reloaded assembly
- Completed reload, in  0.895 seconds
Platform modules already initialized, skipping
Refreshing native plugins compatible for Editor in 0.37 ms, found 1 plugins.
Preloading 0 native plugins for Editor in 0.00 ms.
Unloading 1807 Unused Serialized files (Serialized files now loaded: 0)
System memory in use before: 90.4 MB.
System memory in use after: 89.9 MB.

Unloading 25 unused Assets to reduce memory usage. Loaded Objects now: 2355.
Total: 2.345200 ms (FindLiveObjects: 0.225400 ms CreateObjectMapping: 0.094100 ms MarkObjects: 1.595600 ms  DeleteObjects: 0.428600 ms)

========================================================================
Received Import Request.
  Time since last request: 1660.453831 seconds.
  path: Assets/Scripts/CardManager.cs
  artifactKey: Guid(421375bfa1ffe254daa7f35c6bc606f6) Importer(815301076,1909f56bfc062723c751e8b465ee728b)
Start importing Assets/Scripts/CardManager.cs using Guid(421375bfa1ffe254daa7f35c6bc606f6) Importer(815301076,1909f56bfc062723c751e8b465ee728b)  -> (artifact id: 'dbd38250109ff9355ba23fecba80d244') in 0.007330 seconds
  Import took 0.010552 seconds .

========================================================================
Received Import Request.
  Time since last request: 0.027660 seconds.
  path: Assets/Scripts/CardManager.cs
  artifactKey: Guid(421375bfa1ffe254daa7f35c6bc606f6) Importer(815301076,1909f56bfc062723c751e8b465ee728b)
Start importing Assets/Scripts/CardManager.cs using Guid(421375bfa1ffe254daa7f35c6bc606f6) Importer(815301076,1909f56bfc062723c751e8b465ee728b)  -> (artifact id: 'dbd38250109ff9355ba23fecba80d244') in 0.003319 seconds
  Import took 0.006344 seconds .

========================================================================
Received Import Request.
  Time since last request: 31.921544 seconds.
  path: Assets/Prefabs
  artifactKey: Guid(1e97e166e3c71c849b306cc6dc3c850e) Importer(815301076,1909f56bfc062723c751e8b465ee728b)
Start importing Assets/Prefabs using Guid(1e97e166e3c71c849b306cc6dc3c850e) Importer(815301076,1909f56bfc062723c751e8b465ee728b)  -> (artifact id: 'f927288cfa2d0d49173e0ef076653add') in 0.008284 seconds
  Import took 0.011939 seconds .

========================================================================
Received Import Request.
  Time since last request: 93.598632 seconds.
  path: Assets/Prefabs/Card.prefab
  artifactKey: Guid(057a1b59b098a12478b231b29515533a) Importer(815301076,1909f56bfc062723c751e8b465ee728b)
Start importing Assets/Prefabs/Card.prefab using Guid(057a1b59b098a12478b231b29515533a) Importer(815301076,1909f56bfc062723c751e8b465ee728b)  -> (artifact id: '08556b1c62765eefefe6d335ba8e156f') in 0.944390 seconds
  Import took 0.950331 seconds .

========================================================================
Received Import Request.
  Time since last request: 2008.953845 seconds.
  path: Assets/Prefabs/Card 1.prefab
  artifactKey: Guid(8a47edc1a28f2b7408b31a83d22b0959) Importer(815301076,1909f56bfc062723c751e8b465ee728b)
Start importing Assets/Prefabs/Card 1.prefab using Guid(8a47edc1a28f2b7408b31a83d22b0959) Importer(815301076,1909f56bfc062723c751e8b465ee728b)  -> (artifact id: '51bf0a2f1e84ee4807560b03fb9f6176') in 0.361286 seconds
  Import took 0.370495 seconds .

========================================================================
Received Import Request.
  Time since last request: 8.136571 seconds.
  path: Assets/Resources/DOTweenSettings.asset
  artifactKey: Guid(6eccf52a462b4584ba024fbfb1453e2c) Importer(815301076,1909f56bfc062723c751e8b465ee728b)
Start importing Assets/Resources/DOTweenSettings.asset using Guid(6eccf52a462b4584ba024fbfb1453e2c) Importer(815301076,1909f56bfc062723c751e8b465ee728b)  -> (artifact id: '1805e7de96b5c0b87bc2a45cc297ecc1') in 0.011359 seconds
  Import took 0.015338 seconds .

========================================================================
Received Import Request.
  Time since last request: 1883.448555 seconds.
  path: Assets/Scripts/Card.cs
  artifactKey: Guid(6d0afe85da13ed14e93167394cec211e) Importer(815301076,1909f56bfc062723c751e8b465ee728b)
Start importing Assets/Scripts/Card.cs using Guid(6d0afe85da13ed14e93167394cec211e) Importer(815301076,1909f56bfc062723c751e8b465ee728b)  -> (artifact id: '854be131aed1d314a96e45df6a61c56e') in 0.007859 seconds
  Import took 0.012564 seconds .

========================================================================
Received Import Request.
  Time since last request: 0.002530 seconds.
  path: Assets/Scripts/Card.cs
  artifactKey: Guid(6d0afe85da13ed14e93167394cec211e) Importer(815301076,1909f56bfc062723c751e8b465ee728b)
Start importing Assets/Scripts/Card.cs using Guid(6d0afe85da13ed14e93167394cec211e) Importer(815301076,1909f56bfc062723c751e8b465ee728b)  -> (artifact id: '854be131aed1d314a96e45df6a61c56e') in 0.003804 seconds
  Import took 0.007403 seconds .

========================================================================
Received Prepare
Registering precompiled user dll's ...
Registered in 0.003282 seconds.
Begin MonoManager ReloadAssembly
Native extension for WindowsStandalone target not found
Refreshing native plugins compatible for Editor in 0.36 ms, found 1 plugins.
Preloading 0 native plugins for Editor in 0.00 ms.
Invoked RoslynAnalysisRunner static constructor.
RoslynAnalysisRunner will not be running.
RoslynAnalysisRunner has terminated.
Mono: successfully reloaded assembly
- Completed reload, in  0.982 seconds
Platform modules already initialized, skipping
Refreshing native plugins compatible for Editor in 0.35 ms, found 1 plugins.
Preloading 0 native plugins for Editor in 0.00 ms.
Unloading 1807 Unused Serialized files (Serialized files now loaded: 0)
System memory in use before: 90.7 MB.
System memory in use after: 90.2 MB.

Unloading 25 unused Assets to reduce memory usage. Loaded Objects now: 2359.
Total: 2.538200 ms (FindLiveObjects: 0.189400 ms CreateObjectMapping: 0.065200 ms MarkObjects: 1.930500 ms  DeleteObjects: 0.351700 ms)

========================================================================
Received Prepare
Registering precompiled user dll's ...
Registered in 0.003313 seconds.
Begin MonoManager ReloadAssembly
Native extension for WindowsStandalone target not found
Refreshing native plugins compatible for Editor in 0.58 ms, found 1 plugins.
Preloading 0 native plugins for Editor in 0.00 ms.
Invoked RoslynAnalysisRunner static constructor.
RoslynAnalysisRunner will not be running.
RoslynAnalysisRunner has terminated.
Mono: successfully reloaded assembly
- Completed reload, in  0.989 seconds
Platform modules already initialized, skipping
Refreshing native plugins compatible for Editor in 0.46 ms, found 1 plugins.
Preloading 0 native plugins for Editor in 0.00 ms.
Unloading 1807 Unused Serialized files (Serialized files now loaded: 0)
System memory in use before: 90.9 MB.
System memory in use after: 90.4 MB.

Unloading 25 unused Assets to reduce memory usage. Loaded Objects now: 2362.
Total: 2.996400 ms (FindLiveObjects: 0.353400 ms CreateObjectMapping: 0.185300 ms MarkObjects: 2.120600 ms  DeleteObjects: 0.335500 ms)

========================================================================
Received Prepare
Registering precompiled user dll's ...
Registered in 0.003310 seconds.
Begin MonoManager ReloadAssembly
Native extension for WindowsStandalone target not found
Refreshing native plugins compatible for Editor in 0.74 ms, found 1 plugins.
Preloading 0 native plugins for Editor in 0.00 ms.
Invoked RoslynAnalysisRunner static constructor.
RoslynAnalysisRunner will not be running.
RoslynAnalysisRunner has terminated.
Mono: successfully reloaded assembly
- Completed reload, in  0.993 seconds
Platform modules already initialized, skipping
Refreshing native plugins compatible for Editor in 0.37 ms, found 1 plugins.
Preloading 0 native plugins for Editor in 0.00 ms.
Unloading 1807 Unused Serialized files (Serialized files now loaded: 0)
System memory in use before: 90.9 MB.
System memory in use after: 90.4 MB.

Unloading 25 unused Assets to reduce memory usage. Loaded Objects now: 2365.
Total: 2.026400 ms (FindLiveObjects: 0.232800 ms CreateObjectMapping: 0.080800 ms MarkObjects: 1.404900 ms  DeleteObjects: 0.306700 ms)

========================================================================
Received Import Request.
  Time since last request: 4128.113500 seconds.
  path: Assets/Scripts/CardManager.cs
  artifactKey: Guid(421375bfa1ffe254daa7f35c6bc606f6) Importer(815301076,1909f56bfc062723c751e8b465ee728b)
Start importing Assets/Scripts/CardManager.cs using Guid(421375bfa1ffe254daa7f35c6bc606f6) Importer(815301076,1909f56bfc062723c751e8b465ee728b)  -> (artifact id: '5497f170a23b0aa7b0d09abbe0cf4b17') in 0.009105 seconds
  Import took 0.012021 seconds .

========================================================================
Received Prepare
Registering precompiled user dll's ...
Registered in 0.002754 seconds.
Begin MonoManager ReloadAssembly
Native extension for WindowsStandalone target not found
Refreshing native plugins compatible for Editor in 0.37 ms, found 1 plugins.
Preloading 0 native plugins for Editor in 0.00 ms.
Invoked RoslynAnalysisRunner static constructor.
RoslynAnalysisRunner will not be running.
RoslynAnalysisRunner has terminated.
Mono: successfully reloaded assembly
- Completed reload, in  0.854 seconds
Platform modules already initialized, skipping
Refreshing native plugins compatible for Editor in 0.35 ms, found 1 plugins.
Preloading 0 native plugins for Editor in 0.00 ms.
Unloading 1807 Unused Serialized files (Serialized files now loaded: 0)
System memory in use before: 91.0 MB.
System memory in use after: 90.5 MB.

Unloading 25 unused Assets to reduce memory usage. Loaded Objects now: 2368.
Total: 2.144400 ms (FindLiveObjects: 0.210400 ms CreateObjectMapping: 0.085000 ms MarkObjects: 1.529000 ms  DeleteObjects: 0.318400 ms)

========================================================================
Received Import Request.
  Time since last request: 46.939043 seconds.
  path: Assets/Scripts/CardManager.cs
  artifactKey: Guid(421375bfa1ffe254daa7f35c6bc606f6) Importer(815301076,1909f56bfc062723c751e8b465ee728b)
Start importing Assets/Scripts/CardManager.cs using Guid(421375bfa1ffe254daa7f35c6bc606f6) Importer(815301076,1909f56bfc062723c751e8b465ee728b)  -> (artifact id: '613c084441a174f6b4027b0204365209') in 0.005555 seconds
  Import took 0.008541 seconds .

========================================================================
Received Import Request.
  Time since last request: 0.034533 seconds.
  path: Assets/Scripts/CardManager.cs
  artifactKey: Guid(421375bfa1ffe254daa7f35c6bc606f6) Importer(815301076,1909f56bfc062723c751e8b465ee728b)
Start importing Assets/Scripts/CardManager.cs using Guid(421375bfa1ffe254daa7f35c6bc606f6) Importer(815301076,1909f56bfc062723c751e8b465ee728b)  -> (artifact id: '613c084441a174f6b4027b0204365209') in 0.003133 seconds
  Import took 0.006028 seconds .

========================================================================
Received Prepare
Registering precompiled user dll's ...
Registered in 0.003052 seconds.
Begin MonoManager ReloadAssembly
Native extension for WindowsStandalone target not found
Refreshing native plugins compatible for Editor in 0.47 ms, found 1 plugins.
Preloading 0 native plugins for Editor in 0.00 ms.
Invoked RoslynAnalysisRunner static constructor.
RoslynAnalysisRunner will not be running.
RoslynAnalysisRunner has terminated.
Mono: successfully reloaded assembly
- Completed reload, in  0.894 seconds
Platform modules already initialized, skipping
Refreshing native plugins compatible for Editor in 0.37 ms, found 1 plugins.
Preloading 0 native plugins for Editor in 0.00 ms.
Unloading 1807 Unused Serialized files (Serialized files now loaded: 0)
System memory in use before: 91.1 MB.
System memory in use after: 90.6 MB.

Unloading 25 unused Assets to reduce memory usage. Loaded Objects now: 2371.
Total: 2.658800 ms (FindLiveObjects: 0.479100 ms CreateObjectMapping: 0.190500 ms MarkObjects: 1.648800 ms  DeleteObjects: 0.338500 ms)

========================================================================
Received Prepare
Registering precompiled user dll's ...
Registered in 0.002841 seconds.
Begin MonoManager ReloadAssembly
Native extension for WindowsStandalone target not found
Refreshing native plugins compatible for Editor in 0.41 ms, found 1 plugins.
Preloading 0 native plugins for Editor in 0.00 ms.
Invoked RoslynAnalysisRunner static constructor.
RoslynAnalysisRunner will not be running.
RoslynAnalysisRunner has terminated.
Mono: successfully reloaded assembly
- Completed reload, in  0.955 seconds
Platform modules already initialized, skipping
Refreshing native plugins compatible for Editor in 0.38 ms, found 1 plugins.
Preloading 0 native plugins for Editor in 0.00 ms.
Unloading 1807 Unused Serialized files (Serialized files now loaded: 0)
System memory in use before: 91.2 MB.
System memory in use after: 90.7 MB.

Unloading 25 unused Assets to reduce memory usage. Loaded Objects now: 2374.
Total: 2.486200 ms (FindLiveObjects: 0.224700 ms CreateObjectMapping: 0.075700 ms MarkObjects: 1.835400 ms  DeleteObjects: 0.348900 ms)

========================================================================
Received Import Request.
  Time since last request: 134.508803 seconds.
  path: Assets/Scripts/Utils.cs
  artifactKey: Guid(14d30fc451380f34498a9b3794687300) Importer(815301076,1909f56bfc062723c751e8b465ee728b)
Start importing Assets/Scripts/Utils.cs using Guid(14d30fc451380f34498a9b3794687300) Importer(815301076,1909f56bfc062723c751e8b465ee728b)  -> (artifact id: '1e21134eca441e5109961bf54937b213') in 0.012577 seconds
  Import took 0.016298 seconds .

========================================================================
Received Prepare
Registering precompiled user dll's ...
Registered in 0.004073 seconds.
Begin MonoManager ReloadAssembly
Native extension for WindowsStandalone target not found
Refreshing native plugins compatible for Editor in 0.39 ms, found 1 plugins.
Preloading 0 native plugins for Editor in 0.00 ms.
Invoked RoslynAnalysisRunner static constructor.
RoslynAnalysisRunner will not be running.
RoslynAnalysisRunner has terminated.
Mono: successfully reloaded assembly
- Completed reload, in  0.908 seconds
Platform modules already initialized, skipping
Refreshing native plugins compatible for Editor in 0.35 ms, found 1 plugins.
Preloading 0 native plugins for Editor in 0.00 ms.
Unloading 1808 Unused Serialized files (Serialized files now loaded: 0)
System memory in use before: 91.3 MB.
System memory in use after: 90.8 MB.

Unloading 25 unused Assets to reduce memory usage. Loaded Objects now: 2378.
Total: 2.180500 ms (FindLiveObjects: 0.242400 ms CreateObjectMapping: 0.092400 ms MarkObjects: 1.484500 ms  DeleteObjects: 0.360000 ms)

========================================================================
Received Prepare
Registering precompiled user dll's ...
Registered in 0.002947 seconds.
Begin MonoManager ReloadAssembly
Native extension for WindowsStandalone target not found
Refreshing native plugins compatible for Editor in 0.39 ms, found 1 plugins.
Preloading 0 native plugins for Editor in 0.00 ms.
Invoked RoslynAnalysisRunner static constructor.
RoslynAnalysisRunner will not be running.
RoslynAnalysisRunner has terminated.
Mono: successfully reloaded assembly
- Completed reload, in  0.895 seconds
Platform modules already initialized, skipping
Refreshing native plugins compatible for Editor in 0.38 ms, found 1 plugins.
Preloading 0 native plugins for Editor in 0.00 ms.
Unloading 1808 Unused Serialized files (Serialized files now loaded: 0)
System memory in use before: 91.4 MB.
System memory in use after: 90.9 MB.

Unloading 25 unused Assets to reduce memory usage. Loaded Objects now: 2381.
Total: 2.186100 ms (FindLiveObjects: 0.220300 ms CreateObjectMapping: 0.080200 ms MarkObjects: 1.519500 ms  DeleteObjects: 0.363700 ms)

========================================================================
Received Import Request.
  Time since last request: 77.129228 seconds.
  path: Assets/Scripts/Utils.cs
  artifactKey: Guid(14d30fc451380f34498a9b3794687300) Importer(815301076,1909f56bfc062723c751e8b465ee728b)
Start importing Assets/Scripts/Utils.cs using Guid(14d30fc451380f34498a9b3794687300) Importer(815301076,1909f56bfc062723c751e8b465ee728b)  -> (artifact id: '71dfafaa9d3ea705591955864d00052e') in 0.005543 seconds
  Import took 0.009176 seconds .

========================================================================
Received Prepare
Registering precompiled user dll's ...
Registered in 0.002822 seconds.
Begin MonoManager ReloadAssembly
Native extension for WindowsStandalone target not found
Refreshing native plugins compatible for Editor in 0.41 ms, found 1 plugins.
Preloading 0 native plugins for Editor in 0.00 ms.
Invoked RoslynAnalysisRunner static constructor.
RoslynAnalysisRunner will not be running.
RoslynAnalysisRunner has terminated.
Mono: successfully reloaded assembly
- Completed reload, in  0.902 seconds
Platform modules already initialized, skipping
Refreshing native plugins compatible for Editor in 0.42 ms, found 1 plugins.
Preloading 0 native plugins for Editor in 0.00 ms.
Unloading 1808 Unused Serialized files (Serialized files now loaded: 0)
System memory in use before: 91.5 MB.
System memory in use after: 91.0 MB.

Unloading 25 unused Assets to reduce memory usage. Loaded Objects now: 2384.
Total: 2.541200 ms (FindLiveObjects: 0.244800 ms CreateObjectMapping: 0.090400 ms MarkObjects: 1.854200 ms  DeleteObjects: 0.350300 ms)

========================================================================
Received Prepare
Registering precompiled user dll's ...
Registered in 0.003339 seconds.
Begin MonoManager ReloadAssembly
Native extension for WindowsStandalone target not found
Refreshing native plugins compatible for Editor in 0.38 ms, found 1 plugins.
Preloading 0 native plugins for Editor in 0.00 ms.
Invoked RoslynAnalysisRunner static constructor.
RoslynAnalysisRunner will not be running.
RoslynAnalysisRunner has terminated.
Mono: successfully reloaded assembly
- Completed reload, in  0.881 seconds
Platform modules already initialized, skipping
Refreshing native plugins compatible for Editor in 0.41 ms, found 1 plugins.
Preloading 0 native plugins for Editor in 0.00 ms.
Unloading 1808 Unused Serialized files (Serialized files now loaded: 0)
System memory in use before: 91.6 MB.
System memory in use after: 91.1 MB.

Unloading 25 unused Assets to reduce memory usage. Loaded Objects now: 2387.
Total: 2.404300 ms (FindLiveObjects: 0.257100 ms CreateObjectMapping: 0.101900 ms MarkObjects: 1.725300 ms  DeleteObjects: 0.318400 ms)

========================================================================
Received Prepare
Registering precompiled user dll's ...
Registered in 0.002986 seconds.
Begin MonoManager ReloadAssembly
Native extension for WindowsStandalone target not found
Refreshing native plugins compatible for Editor in 0.39 ms, found 1 plugins.
Preloading 0 native plugins for Editor in 0.00 ms.
Invoked RoslynAnalysisRunner static constructor.
RoslynAnalysisRunner will not be running.
RoslynAnalysisRunner has terminated.
Mono: successfully reloaded assembly
- Completed reload, in  0.888 seconds
Platform modules already initialized, skipping
Refreshing native plugins compatible for Editor in 0.35 ms, found 1 plugins.
Preloading 0 native plugins for Editor in 0.00 ms.
Unloading 1808 Unused Serialized files (Serialized files now loaded: 0)
System memory in use before: 91.7 MB.
System memory in use after: 91.2 MB.

Unloading 25 unused Assets to reduce memory usage. Loaded Objects now: 2390.
Total: 2.477900 ms (FindLiveObjects: 0.408600 ms CreateObjectMapping: 0.161500 ms MarkObjects: 1.584000 ms  DeleteObjects: 0.322100 ms)

========================================================================
Received Prepare
Registering precompiled user dll's ...
Registered in 0.003065 seconds.
Begin MonoManager ReloadAssembly
Native extension for WindowsStandalone target not found
Refreshing native plugins compatible for Editor in 0.37 ms, found 1 plugins.
Preloading 0 native plugins for Editor in 0.00 ms.
Invoked RoslynAnalysisRunner static constructor.
RoslynAnalysisRunner will not be running.
RoslynAnalysisRunner has terminated.
Mono: successfully reloaded assembly
- Completed reload, in  0.867 seconds
Platform modules already initialized, skipping
Refreshing native plugins compatible for Editor in 0.42 ms, found 1 plugins.
Preloading 0 native plugins for Editor in 0.00 ms.
Unloading 1808 Unused Serialized files (Serialized files now loaded: 0)
System memory in use before: 91.8 MB.
System memory in use after: 91.3 MB.

Unloading 25 unused Assets to reduce memory usage. Loaded Objects now: 2393.
Total: 2.216000 ms (FindLiveObjects: 0.227700 ms CreateObjectMapping: 0.077900 ms MarkObjects: 1.591600 ms  DeleteObjects: 0.317400 ms)

========================================================================
Received Prepare
Registering precompiled user dll's ...
Registered in 0.003062 seconds.
Begin MonoManager ReloadAssembly
Native extension for WindowsStandalone target not found
Refreshing native plugins compatible for Editor in 0.67 ms, found 1 plugins.
Preloading 0 native plugins for Editor in 0.00 ms.
Invoked RoslynAnalysisRunner static constructor.
RoslynAnalysisRunner will not be running.
RoslynAnalysisRunner has terminated.
Mono: successfully reloaded assembly
- Completed reload, in  0.914 seconds
Platform modules already initialized, skipping
Refreshing native plugins compatible for Editor in 0.39 ms, found 1 plugins.
Preloading 0 native plugins for Editor in 0.00 ms.
Unloading 1808 Unused Serialized files (Serialized files now loaded: 0)
System memory in use before: 91.9 MB.
System memory in use after: 91.4 MB.

Unloading 25 unused Assets to reduce memory usage. Loaded Objects now: 2396.
Total: 2.765700 ms (FindLiveObjects: 0.222400 ms CreateObjectMapping: 0.096500 ms MarkObjects: 2.075900 ms  DeleteObjects: 0.369400 ms)

========================================================================
Received Prepare
Registering precompiled user dll's ...
Registered in 0.002904 seconds.
Begin MonoManager ReloadAssembly
Native extension for WindowsStandalone target not found
Refreshing native plugins compatible for Editor in 0.42 ms, found 1 plugins.
Preloading 0 native plugins for Editor in 0.00 ms.
Invoked RoslynAnalysisRunner static constructor.
RoslynAnalysisRunner will not be running.
RoslynAnalysisRunner has terminated.
Mono: successfully reloaded assembly
- Completed reload, in  0.877 seconds
Platform modules already initialized, skipping
Refreshing native plugins compatible for Editor in 0.37 ms, found 1 plugins.
Preloading 0 native plugins for Editor in 0.00 ms.
Unloading 1808 Unused Serialized files (Serialized files now loaded: 0)
System memory in use before: 91.9 MB.
System memory in use after: 91.4 MB.

Unloading 25 unused Assets to reduce memory usage. Loaded Objects now: 2399.
Total: 2.203300 ms (FindLiveObjects: 0.222700 ms CreateObjectMapping: 0.097000 ms MarkObjects: 1.542800 ms  DeleteObjects: 0.339300 ms)

========================================================================
Received Prepare
Registering precompiled user dll's ...
Registered in 0.003668 seconds.
Begin MonoManager ReloadAssembly
Native extension for WindowsStandalone target not found
Refreshing native plugins compatible for Editor in 0.39 ms, found 1 plugins.
Preloading 0 native plugins for Editor in 0.00 ms.
Invoked RoslynAnalysisRunner static constructor.
RoslynAnalysisRunner will not be running.
RoslynAnalysisRunner has terminated.
Mono: successfully reloaded assembly
- Completed reload, in  0.874 seconds
Platform modules already initialized, skipping
Refreshing native plugins compatible for Editor in 0.35 ms, found 1 plugins.
Preloading 0 native plugins for Editor in 0.00 ms.
Unloading 1808 Unused Serialized files (Serialized files now loaded: 0)
System memory in use before: 91.0 MB.
System memory in use after: 90.5 MB.

Unloading 25 unused Assets to reduce memory usage. Loaded Objects now: 2402.
Total: 2.172300 ms (FindLiveObjects: 0.235500 ms CreateObjectMapping: 0.086900 ms MarkObjects: 1.500700 ms  DeleteObjects: 0.347700 ms)

========================================================================
Received Prepare
Registering precompiled user dll's ...
Registered in 0.002907 seconds.
Begin MonoManager ReloadAssembly
Native extension for WindowsStandalone target not found
Refreshing native plugins compatible for Editor in 0.38 ms, found 1 plugins.
Preloading 0 native plugins for Editor in 0.00 ms.
Invoked RoslynAnalysisRunner static constructor.
RoslynAnalysisRunner will not be running.
RoslynAnalysisRunner has terminated.
Mono: successfully reloaded assembly
- Completed reload, in  0.982 seconds
Platform modules already initialized, skipping
Refreshing native plugins compatible for Editor in 0.35 ms, found 1 plugins.
Preloading 0 native plugins for Editor in 0.00 ms.
Unloading 1808 Unused Serialized files (Serialized files now loaded: 0)
System memory in use before: 91.1 MB.
System memory in use after: 90.6 MB.

Unloading 25 unused Assets to reduce memory usage. Loaded Objects now: 2405.
Total: 2.534100 ms (FindLiveObjects: 0.406500 ms CreateObjectMapping: 0.163800 ms MarkObjects: 1.606400 ms  DeleteObjects: 0.355300 ms)

========================================================================
Received Import Request.
  Time since last request: 9965.524637 seconds.
  path: Assets/Prefabs/Card 1.prefab
  artifactKey: Guid(8a47edc1a28f2b7408b31a83d22b0959) Importer(815301076,1909f56bfc062723c751e8b465ee728b)
Start importing Assets/Prefabs/Card 1.prefab using Guid(8a47edc1a28f2b7408b31a83d22b0959) Importer(815301076,1909f56bfc062723c751e8b465ee728b)  -> (artifact id: '5f14d8ff7ae3c6d279cf3f5de84de567') in 0.624521 seconds
  Import took 0.660437 seconds .

========================================================================
Received Import Request.
  Time since last request: 0.000318 seconds.
  path: Assets/Prefabs/Card.prefab
  artifactKey: Guid(057a1b59b098a12478b231b29515533a) Importer(815301076,1909f56bfc062723c751e8b465ee728b)
Start importing Assets/Prefabs/Card.prefab using Guid(057a1b59b098a12478b231b29515533a) Importer(815301076,1909f56bfc062723c751e8b465ee728b)  -> (artifact id: '179d63d942deeb6ee0acafc8dd033802') in 0.373020 seconds
  Import took 0.377164 seconds .

========================================================================
Received Prepare
Registering precompiled user dll's ...
Registered in 0.004617 seconds.
Begin MonoManager ReloadAssembly
Native extension for WindowsStandalone target not found
Refreshing native plugins compatible for Editor in 0.40 ms, found 1 plugins.
Preloading 0 native plugins for Editor in 0.00 ms.
Invoked RoslynAnalysisRunner static constructor.
RoslynAnalysisRunner will not be running.
RoslynAnalysisRunner has terminated.
Mono: successfully reloaded assembly
- Completed reload, in  0.955 seconds
Platform modules already initialized, skipping
Refreshing native plugins compatible for Editor in 0.49 ms, found 1 plugins.
Preloading 0 native plugins for Editor in 0.00 ms.
Unloading 1808 Unused Serialized files (Serialized files now loaded: 0)
System memory in use before: 91.2 MB.
System memory in use after: 90.7 MB.

Unloading 25 unused Assets to reduce memory usage. Loaded Objects now: 2409.
Total: 2.494500 ms (FindLiveObjects: 0.240400 ms CreateObjectMapping: 0.077600 ms MarkObjects: 1.795700 ms  DeleteObjects: 0.379500 ms)

========================================================================
Received Prepare
Registering precompiled user dll's ...
Registered in 0.003237 seconds.
Begin MonoManager ReloadAssembly
Native extension for WindowsStandalone target not found
Refreshing native plugins compatible for Editor in 0.35 ms, found 1 plugins.
Preloading 0 native plugins for Editor in 0.00 ms.
Invoked RoslynAnalysisRunner static constructor.
RoslynAnalysisRunner will not be running.
RoslynAnalysisRunner has terminated.
Mono: successfully reloaded assembly
- Completed reload, in  0.933 seconds
Platform modules already initialized, skipping
Refreshing native plugins compatible for Editor in 0.47 ms, found 1 plugins.
Preloading 0 native plugins for Editor in 0.00 ms.
Unloading 1808 Unused Serialized files (Serialized files now loaded: 0)
System memory in use before: 91.3 MB.
System memory in use after: 90.8 MB.

Unloading 25 unused Assets to reduce memory usage. Loaded Objects now: 2412.
Total: 2.864000 ms (FindLiveObjects: 0.416200 ms CreateObjectMapping: 0.151100 ms MarkObjects: 1.927000 ms  DeleteObjects: 0.367800 ms)

========================================================================
Received Prepare
Registering precompiled user dll's ...
Registered in 0.003305 seconds.
Begin MonoManager ReloadAssembly
Native extension for WindowsStandalone target not found
Refreshing native plugins compatible for Editor in 0.68 ms, found 1 plugins.
Preloading 0 native plugins for Editor in 0.00 ms.
Invoked RoslynAnalysisRunner static constructor.
RoslynAnalysisRunner will not be running.
RoslynAnalysisRunner has terminated.
Mono: successfully reloaded assembly
- Completed reload, in  0.982 seconds
Platform modules already initialized, skipping
Refreshing native plugins compatible for Editor in 0.45 ms, found 1 plugins.
Preloading 0 native plugins for Editor in 0.00 ms.
Unloading 1808 Unused Serialized files (Serialized files now loaded: 0)
System memory in use before: 91.4 MB.
System memory in use after: 90.9 MB.

Unloading 25 unused Assets to reduce memory usage. Loaded Objects now: 2415.
Total: 2.431700 ms (FindLiveObjects: 0.332700 ms CreateObjectMapping: 0.154400 ms MarkObjects: 1.634000 ms  DeleteObjects: 0.308900 ms)

========================================================================
Received Prepare
Registering precompiled user dll's ...
Registered in 0.003166 seconds.
Begin MonoManager ReloadAssembly
Native extension for WindowsStandalone target not found
Refreshing native plugins compatible for Editor in 0.36 ms, found 1 plugins.
Preloading 0 native plugins for Editor in 0.00 ms.
Invoked RoslynAnalysisRunner static constructor.
RoslynAnalysisRunner will not be running.
RoslynAnalysisRunner has terminated.
Mono: successfully reloaded assembly
- Completed reload, in  1.026 seconds
Platform modules already initialized, skipping
Refreshing native plugins compatible for Editor in 0.71 ms, found 1 plugins.
Preloading 0 native plugins for Editor in 0.00 ms.
Unloading 1808 Unused Serialized files (Serialized files now loaded: 0)
System memory in use before: 91.5 MB.
System memory in use after: 91.0 MB.

Unloading 25 unused Assets to reduce memory usage. Loaded Objects now: 2418.
Total: 2.405300 ms (FindLiveObjects: 0.326600 ms CreateObjectMapping: 0.100300 ms MarkObjects: 1.623100 ms  DeleteObjects: 0.353200 ms)

========================================================================
Received Import Request.
  Time since last request: 722.964230 seconds.
  path: Assets/Scripts/CardManager.cs
  artifactKey: Guid(421375bfa1ffe254daa7f35c6bc606f6) Importer(815301076,1909f56bfc062723c751e8b465ee728b)
Start importing Assets/Scripts/CardManager.cs using Guid(421375bfa1ffe254daa7f35c6bc606f6) Importer(815301076,1909f56bfc062723c751e8b465ee728b)  -> (artifact id: 'b8138b29e2e9f9d36973353305b3d442') in 0.016407 seconds
  Import took 0.021220 seconds .

========================================================================
Received Import Request.
  Time since last request: 0.041827 seconds.
  path: Assets/Scripts/CardManager.cs
  artifactKey: Guid(421375bfa1ffe254daa7f35c6bc606f6) Importer(815301076,1909f56bfc062723c751e8b465ee728b)
Start importing Assets/Scripts/CardManager.cs using Guid(421375bfa1ffe254daa7f35c6bc606f6) Importer(815301076,1909f56bfc062723c751e8b465ee728b)  -> (artifact id: 'b8138b29e2e9f9d36973353305b3d442') in 0.006042 seconds
  Import took 0.014618 seconds .

AssetImportWorkerClient::OnTransportError - code=2 error=End of file
